0 info it worked if it ends with ok
1 verbose cli [ '/usr/bin/nodejs', '/usr/local/bin/npm', 'start' ]
2 info using npm@2.7.0
3 info using node@v4.5.0
4 verbose run-script [ 'prestart', 'start', 'poststart' ]
5 info prestart Samuel@0.0.1
6 info start Samuel@0.0.1
7 verbose unsafe-perm in lifecycle true
8 info Samuel@0.0.1 Failed to exec start script
9 verbose stack Error: Samuel@0.0.1 start: `node server.js`
9 verbose stack Exit status 1
9 verbose stack     at EventEmitter.<anonymous> (/usr/local/lib/node_modules/npm/lib/utils/lifecycle.js:213:16)
9 verbose stack     at emitTwo (events.js:87:13)
9 verbose stack     at EventEmitter.emit (events.js:172:7)
9 verbose stack     at ChildProcess.<anonymous> (/usr/local/lib/node_modules/npm/lib/utils/spawn.js:14:12)
9 verbose stack     at emitTwo (events.js:87:13)
9 verbose stack     at ChildProcess.emit (events.js:172:7)
9 verbose stack     at maybeClose (internal/child_process.js:829:16)
9 verbose stack     at Process.ChildProcess._handle.onexit (internal/child_process.js:211:5)
10 verbose pkgid Samuel@0.0.1
11 verbose cwd /home/developer/Documents/project
12 error Linux 3.16.0-53-generic
13 error argv "/usr/bin/nodejs" "/usr/local/bin/npm" "start"
14 error node v4.5.0
15 error npm  v2.7.0
16 error code ELIFECYCLE
17 error Samuel@0.0.1 start: `node server.js`
17 error Exit status 1
18 error Failed at the Samuel@0.0.1 start script 'node server.js'.
18 error This is most likely a problem with the Samuel package,
18 error not with npm itself.
18 error Tell the author that this fails on your system:
18 error     node server.js
18 error You can get their info via:
18 error     npm owner ls Samuel
18 error There is likely additional logging output above.
19 verbose exit [ 1, true ]
